
/home/runner/work/exp-on-chip-timers-counters-coep/exp-on-chip-timers-counters-coep/experiment/simulation/lib/jquery.js
  2:58     warning  'module' is not defined                                                    no-undef
  2:73     warning  'module' is not defined                                                    no-undef
  2:6324   warning  Expected a conditional expression and instead saw an assignment            no-cond-assign
  2:6580   warning  Expected a conditional expression and instead saw an assignment            no-cond-assign
  2:7011   warning  Expected a conditional expression and instead saw an assignment            no-cond-assign
  2:7270   warning  Empty block statement                                                      no-empty
  2:7839   warning  Expected a conditional expression and instead saw an assignment            no-cond-assign
  2:9709   warning  Expected a conditional expression and instead saw an assignment            no-cond-assign
  2:11311  warning  Expected a conditional expression and instead saw an assignment            no-cond-assign
  2:11887  warning  Expected a conditional expression and instead saw an assignment            no-cond-assign
  2:11925  warning  Expected a conditional expression and instead saw an assignment            no-cond-assign
  2:12343  warning  Empty block statement                                                      no-empty
  2:12906  warning  Expected a conditional expression and instead saw an assignment            no-cond-assign
  2:13218  warning  Expected a conditional expression and instead saw an assignment            no-cond-assign
  2:15046  warning  Expected a conditional expression and instead saw an assignment            no-cond-assign
  2:15317  warning  Expected a conditional expression and instead saw an assignment            no-cond-assign
  2:15517  warning  Expected a conditional expression and instead saw an assignment            no-cond-assign
  2:15893  warning  Do not access Object.prototype method 'hasOwnProperty' from target object  no-prototype-builtins
  2:16598  warning  Expected a conditional expression and instead saw an assignment            no-cond-assign
  2:18982  warning  Expected a conditional expression and instead saw an assignment            no-cond-assign
  2:19073  warning  Expected a conditional expression and instead saw an assignment            no-cond-assign
  2:19133  warning  Expected a conditional expression and instead saw an assignment            no-cond-assign
  2:20435  warning  Expected a conditional expression and instead saw an assignment            no-cond-assign
  2:21049  warning  Expected a conditional expression and instead saw an assignment            no-cond-assign
  2:21160  warning  Expected a conditional expression and instead saw an assignment            no-cond-assign
  2:23420  warning  Unnecessary escape character: \[                                           no-useless-escape
  2:23422  warning  Unnecessary escape character: \.                                           no-useless-escape
  2:30761  warning  Empty block statement                                                      no-empty
  2:31981  warning  Empty block statement                                                      no-empty
  3:7811   warning  Expected a conditional expression and instead saw an assignment            no-cond-assign
  3:7951   warning  Expected a conditional expression and instead saw an assignment            no-cond-assign
  3:8441   warning  Empty block statement                                                      no-empty
  3:11852  warning  Empty block statement                                                      no-empty
  3:14493  warning  Empty block statement                                                      no-empty
  3:24051  warning  Empty block statement                                                      no-empty
  3:26100  warning  Move function declaration to function body root                            no-inner-declarations
  3:30714  warning  Empty block statement                                                      no-empty
  4:2546   warning  Expected a conditional expression and instead saw an assignment            no-cond-assign
  4:5062   warning  Expected a conditional expression and instead saw an assignment            no-cond-assign
  4:11701  warning  Expected a conditional expression and instead saw an assignment            no-cond-assign
  4:13447  warning  Empty block statement                                                      no-empty
  4:14747  warning  Expected a conditional expression and instead saw an assignment            no-cond-assign
  4:14827  warning  Expected a conditional expression and instead saw an assignment            no-cond-assign
  4:15164  warning  Expected a conditional expression and instead saw an assignment            no-cond-assign
  4:15244  warning  Expected a conditional expression and instead saw an assignment            no-cond-assign
  4:15659  warning  Expected a conditional expression and instead saw an assignment            no-cond-assign
  4:15915  warning  Expected a conditional expression and instead saw an assignment            no-cond-assign
  4:16492  warning  Unnecessary escape character: \/                                           no-useless-escape
  4:17365  warning  Unnecessary escape character: \/                                           no-useless-escape
  4:17377  warning  Unnecessary escape character: \/                                           no-useless-escape
  4:17610  warning  Expected a conditional expression and instead saw an assignment            no-cond-assign
  4:20109  warning  Expected a conditional expression and instead saw an assignment            no-cond-assign
  4:22009  warning  Expected a conditional expression and instead saw an assignment            no-cond-assign
  4:27128  warning  Empty block statement                                                      no-empty
  4:27205  warning  Empty block statement                                                      no-empty
  5:812    warning  'define' is not defined                                                    no-undef
  5:824    warning  'define' is not defined                                                    no-undef

/home/runner/work/exp-on-chip-timers-counters-coep/exp-on-chip-timers-counters-coep/experiment/simulation/lib/jquery.min.js
  2:71     warning  'module' is not defined                                                    no-undef
  2:86     warning  'module' is not defined                                                    no-undef
  2:5433   warning  Unexpected control character(s) in regular expression: \x1f, \x1f          no-control-regex
  2:5916   warning  Expected a conditional expression and instead saw an assignment            no-cond-assign
  2:6170   warning  Expected a conditional expression and instead saw an assignment            no-cond-assign
  2:6614   warning  Expected a conditional expression and instead saw an assignment            no-cond-assign
  2:7404   warning  Expected a conditional expression and instead saw an assignment            no-cond-assign
  2:9497   warning  Expected a conditional expression and instead saw an assignment            no-cond-assign
  2:9807   warning  Expected a conditional expression and instead saw an assignment            no-cond-assign
  2:11608  warning  Expected a conditional expression and instead saw an assignment            no-cond-assign
  2:12183  warning  Expected a conditional expression and instead saw an assignment            no-cond-assign
  2:12221  warning  Expected a conditional expression and instead saw an assignment            no-cond-assign
  2:13234  warning  Expected a conditional expression and instead saw an assignment            no-cond-assign
  2:13546  warning  Expected a conditional expression and instead saw an assignment            no-cond-assign
  2:15374  warning  Expected a conditional expression and instead saw an assignment            no-cond-assign
  2:15645  warning  Expected a conditional expression and instead saw an assignment            no-cond-assign
  2:15843  warning  Expected a conditional expression and instead saw an assignment            no-cond-assign
  2:16217  warning  Do not access Object.prototype method 'hasOwnProperty' from target object  no-prototype-builtins
  2:16907  warning  Expected a conditional expression and instead saw an assignment            no-cond-assign
  2:18727  warning  Expected a conditional expression and instead saw an assignment            no-cond-assign
  2:18827  warning  Expected a conditional expression and instead saw an assignment            no-cond-assign
  2:18887  warning  Expected a conditional expression and instead saw an assignment            no-cond-assign
  2:19071  warning  Expected a conditional expression and instead saw an assignment            no-cond-assign
  2:20240  warning  Expected a conditional expression and instead saw an assignment            no-cond-assign
  2:21514  warning  Expected a conditional expression and instead saw an assignment            no-cond-assign
  2:21625  warning  Expected a conditional expression and instead saw an assignment            no-cond-assign
  2:23791  warning  Unnecessary escape character: \/                                           no-useless-escape
  2:33395  warning  Empty block statement                                                      no-empty
  2:37269  warning  Unnecessary escape character: \/                                           no-useless-escape
  2:38490  warning  Expected a conditional expression and instead saw an assignment            no-cond-assign
  2:38606  warning  Expected a conditional expression and instead saw an assignment            no-cond-assign
  2:39234  warning  Empty block statement                                                      no-empty
  2:46727  warning  Unnecessary escape character: \/                                           no-useless-escape
  2:49033  warning  Expected a conditional expression and instead saw an assignment            no-cond-assign
  2:50593  warning  Empty block statement                                                      no-empty
  2:58406  warning  Expected a conditional expression and instead saw an assignment            no-cond-assign
  2:59575  warning  Expected a conditional expression and instead saw an assignment            no-cond-assign
  2:65215  warning  Expected a conditional expression and instead saw an assignment            no-cond-assign
  2:66958  warning  Expected a conditional expression and instead saw an assignment            no-cond-assign
  2:67024  warning  Expected a conditional expression and instead saw an assignment            no-cond-assign
  2:67328  warning  Expected a conditional expression and instead saw an assignment            no-cond-assign
  2:67394  warning  Expected a conditional expression and instead saw an assignment            no-cond-assign
  2:67801  warning  Expected a conditional expression and instead saw an assignment            no-cond-assign
  2:68078  warning  Expected a conditional expression and instead saw an assignment            no-cond-assign
  2:73449  warning  Expected a conditional expression and instead saw an assignment            no-cond-assign
  2:75043  warning  Expected a conditional expression and instead saw an assignment            no-cond-assign
  2:75823  warning  'r.href' is assigned to itself                                             no-self-assign
  2:80414  warning  Empty block statement                                                      no-empty
  2:83525  warning  Expected a conditional expression and instead saw an assignment            no-cond-assign
  2:87869  warning  'define' is not defined                                                    no-undef
  2:87881  warning  'define' is not defined                                                    no-undef

/home/runner/work/exp-on-chip-timers-counters-coep/exp-on-chip-timers-counters-coep/experiment/simulation/lib/raphael.js
  5800:60  error  Parsing error: Deleting local variable in strict mode

/home/runner/work/exp-on-chip-timers-counters-coep/exp-on-chip-timers-counters-coep/experiment/simulation/lib/raphael.min.js
  1:66     warning  'module' is not defined                                                                                                                          no-undef
  1:112    warning  'define' is not defined                                                                                                                          no-undef
  1:123    warning  'define' is not defined                                                                                                                          no-undef
  1:161    warning  'exports' is not defined                                                                                                                         no-undef
  1:1566   warning  'DocumentTouch' is not defined                                                                                                                   no-undef
  1:2001   warning  Unnecessary escape character: \.                                                                                                                 no-useless-escape
  1:2017   warning  Unnecessary escape character: \.                                                                                                                 no-useless-escape
  1:2033   warning  Unnecessary escape character: \.                                                                                                                 no-useless-escape
  1:2052   warning  Unnecessary escape character: \.                                                                                                                 no-useless-escape
  1:2081   warning  Unnecessary escape character: \.                                                                                                                 no-useless-escape
  1:2110   warning  Unnecessary escape character: \.                                                                                                                 no-useless-escape
  1:2126   warning  Unnecessary escape character: \.                                                                                                                 no-useless-escape
  1:2145   warning  Unnecessary escape character: \.                                                                                                                 no-useless-escape
  1:2174   warning  Unnecessary escape character: \.                                                                                                                 no-useless-escape
  1:2203   warning  Unnecessary escape character: \.                                                                                                                 no-useless-escape
  1:2219   warning  Unnecessary escape character: \.                                                                                                                 no-useless-escape
  1:2238   warning  Unnecessary escape character: \.                                                                                                                 no-useless-escape
  1:2346   warning  Unnecessary escape character: \)                                                                                                                 no-useless-escape
  1:3257   warning  Unexpected control character(s) in regular expression: \x09, \x0a, \x0b, \x0c, \x0d, \x09, \x0a, \x0b, \x0c, \x0d                                no-control-regex
  1:3582   warning  Unexpected control character(s) in regular expression: \x09, \x0a, \x0b, \x0c, \x0d, \x09, \x0a, \x0b, \x0c, \x0d, \x09, \x0a, \x0b, \x0c, \x0d  no-control-regex
  1:3756   warning  Unnecessary escape character: \-                                                                                                                 no-useless-escape
  1:4055   warning  Unexpected control character(s) in regular expression: \x09, \x0a, \x0b, \x0c, \x0d, \x09, \x0a, \x0b, \x0c, \x0d, \x09, \x0a, \x0b, \x0c, \x0d  no-control-regex
  1:4222   warning  Unnecessary escape character: \-                                                                                                                 no-useless-escape
  1:4521   warning  Unexpected control character(s) in regular expression: \x09, \x0a, \x0b, \x0c, \x0d, \x09, \x0a, \x0b, \x0c, \x0d                                no-control-regex
  1:4539   warning  Unnecessary escape character: \-                                                                                                                 no-useless-escape
  1:4856   warning  Unexpected control character(s) in regular expression: \x09, \x0a, \x0b, \x0c, \x0d, \x09, \x0a, \x0b, \x0c, \x0d                                no-control-regex
  1:5154   warning  Unnecessary escape character: \)                                                                                                                 no-useless-escape
  1:7857   warning  'ActiveXObject' is not defined                                                                                                                   no-undef
  1:7931   warning  'createPopup' is not defined                                                                                                                     no-undef
  1:19015  warning  Expected a 'break' statement before 'default'                                                                                                    no-fallthrough
  1:20113  warning  Expected a 'break' statement before 'default'                                                                                                    no-fallthrough
  1:20421  warning  Expected a 'break' statement before 'default'                                                                                                    no-fallthrough
  1:24342  warning  Unnecessary escape character: \.                                                                                                                 no-useless-escape
  1:35757  warning  't' is defined but never used                                                                                                                    no-unused-vars
  1:49075  warning  'r' is defined but never used                                                                                                                    no-unused-vars
  1:50549  warning  'i' is defined but never used                                                                                                                    no-unused-vars
  1:50598  warning  'r' is defined but never used                                                                                                                    no-unused-vars
  1:52666  warning  Unnecessary escape character: \}                                                                                                                 no-useless-escape
  1:53074  warning  Empty block statement                                                                                                                            no-empty
  1:53754  warning  Unnecessary escape character: \)                                                                                                                 no-useless-escape
  1:60967  warning  Unnecessary escape character: \-                                                                                                                 no-useless-escape
  1:72245  warning  Unnecessary escape character: \-                                                                                                                 no-useless-escape
  1:72515  warning  Unnecessary escape character: \(                                                                                                                 no-useless-escape
  1:72517  warning  Unnecessary escape character: \)                                                                                                                 no-useless-escape
  1:75570  warning  Expected a conditional expression and instead saw an assignment                                                                                  no-cond-assign
  1:77369  warning  Expected a 'break' statement before 'case'                                                                                                       no-fallthrough
  1:77405  warning  Expected a 'break' statement before 'case'                                                                                                       no-fallthrough
  1:77447  warning  Expected a 'break' statement before 'case'                                                                                                       no-fallthrough
  1:77582  warning  Expected a 'break' statement before 'case'                                                                                                       no-fallthrough
  1:77619  warning  Expected a 'break' statement before 'case'                                                                                                       no-fallthrough
  1:77661  warning  Expected a 'break' statement before 'case'                                                                                                       no-fallthrough
  1:79325  warning  Expected a 'break' statement before 'case'                                                                                                       no-fallthrough
  1:79783  warning  Expected a 'break' statement before 'case'                                                                                                       no-fallthrough
  1:79973  warning  Expected a 'break' statement before 'default'                                                                                                    no-fallthrough
  1:80032  warning  Unnecessary escape character: \-                                                                                                                 no-useless-escape
  1:89485  warning  'r' is defined but never used                                                                                                                    no-unused-vars
  1:89543  warning  Unnecessary escape character: \.                                                                                                                 no-useless-escape
  1:89545  warning  Unnecessary escape character: \/                                                                                                                 no-useless-escape
  1:90733  warning  Unnecessary escape character: \.                                                                                                                 no-useless-escape
  1:90735  warning  Unnecessary escape character: \^                                                                                                                 no-useless-escape
  1:90739  warning  Unnecessary escape character: \[                                                                                                                 no-useless-escape
  1:90741  warning  Unnecessary escape character: \-                                                                                                                 no-useless-escape
  1:90780  warning  Unnecessary escape character: \.                                                                                                                 no-useless-escape
  1:90782  warning  Unnecessary escape character: \/                                                                                                                 no-useless-escape
  1:91000  warning  Do not access Object.prototype method 'hasOwnProperty' from target object                                                                        no-prototype-builtins

/home/runner/work/exp-on-chip-timers-counters-coep/exp-on-chip-timers-counters-coep/experiment/simulation/src/configuration.js
    3:2   warning  '$' is not defined                                    no-undef
    4:6   warning  '$' is not defined                                    no-undef
    6:7   warning  '$' is not defined                                    no-undef
    7:7   warning  '$' is not defined                                    no-undef
  182:2   warning  '$' is not defined                                    no-undef
  195:5   warning  'id' is assigned a value but never used               no-unused-vars
  204:2   warning  '$' is not defined                                    no-undef
  205:3   warning  '$' is not defined                                    no-undef
  206:20  warning  '$' is not defined                                    no-undef
  208:4   warning  'toastr' is not defined                               no-undef
  210:21  warning  '$' is not defined                                    no-undef
  211:2   warning  Mixed spaces and tabs                                 no-mixed-spaces-and-tabs
  211:5   warning  '$' is not defined                                    no-undef
  213:1   warning  Mixed spaces and tabs                                 no-mixed-spaces-and-tabs
  219:2   warning  '$' is not defined                                    no-undef
  220:3   warning  '$' is not defined                                    no-undef
  221:16  warning  '$' is not defined                                    no-undef
  224:4   warning  'toastr' is not defined                               no-undef
  226:17  warning  '$' is not defined                                    no-undef
  227:2   warning  Mixed spaces and tabs                                 no-mixed-spaces-and-tabs
  227:5   warning  '$' is not defined                                    no-undef
  229:1   warning  Mixed spaces and tabs                                 no-mixed-spaces-and-tabs
  234:2   warning  '$' is not defined                                    no-undef
  235:3   warning  '$' is not defined                                    no-undef
  236:18  warning  '$' is not defined                                    no-undef
  238:4   warning  'toastr' is not defined                               no-undef
  240:19  warning  '$' is not defined                                    no-undef
  241:4   warning  '$' is not defined                                    no-undef
  243:1   warning  Mixed spaces and tabs                                 no-mixed-spaces-and-tabs
  248:2   warning  '$' is not defined                                    no-undef
  249:3   warning  '$' is not defined                                    no-undef
  250:16  warning  '$' is not defined                                    no-undef
  252:4   warning  'toastr' is not defined                               no-undef
  254:17  warning  '$' is not defined                                    no-undef
  255:4   warning  '$' is not defined                                    no-undef
  257:1   warning  Mixed spaces and tabs                                 no-mixed-spaces-and-tabs
  263:2   warning  '$' is not defined                                    no-undef
  264:4   warning  '$' is not defined                                    no-undef
  265:28  warning  '$' is not defined                                    no-undef
  268:5   warning  'toastr' is not defined                               no-undef
  270:29  warning  '$' is not defined                                    no-undef
  272:1   warning  Mixed spaces and tabs                                 no-mixed-spaces-and-tabs
  272:8   warning  '$' is not defined                                    no-undef
  275:5   warning  'toastr' is not defined                               no-undef
  282:2   warning  '$' is not defined                                    no-undef
  283:4   warning  '$' is not defined                                    no-undef
  284:29  warning  '$' is not defined                                    no-undef
  286:5   warning  'toastr' is not defined                               no-undef
  288:30  warning  '$' is not defined                                    no-undef
  290:5   warning  Mixed spaces and tabs                                 no-mixed-spaces-and-tabs
  290:8   warning  '$' is not defined                                    no-undef
  291:5   warning  Mixed spaces and tabs                                 no-mixed-spaces-and-tabs
  293:6   warning  'toastr' is not defined                               no-undef
  295:3   warning  Mixed spaces and tabs                                 no-mixed-spaces-and-tabs
  300:5   warning  'codeWindow' is assigned a value but never used       no-unused-vars
  301:3   warning  Mixed spaces and tabs                                 no-mixed-spaces-and-tabs
  302:3   warning  Mixed spaces and tabs                                 no-mixed-spaces-and-tabs
  303:3   warning  Mixed spaces and tabs                                 no-mixed-spaces-and-tabs
  304:3   warning  Mixed spaces and tabs                                 no-mixed-spaces-and-tabs
  305:3   warning  Mixed spaces and tabs                                 no-mixed-spaces-and-tabs
  306:3   warning  Mixed spaces and tabs                                 no-mixed-spaces-and-tabs
  307:3   warning  Mixed spaces and tabs                                 no-mixed-spaces-and-tabs
  308:3   warning  Mixed spaces and tabs                                 no-mixed-spaces-and-tabs
  309:3   warning  Mixed spaces and tabs                                 no-mixed-spaces-and-tabs
  310:3   warning  Mixed spaces and tabs                                 no-mixed-spaces-and-tabs
  338:1   warning  '$' is not defined                                    no-undef
  339:16  warning  '$' is not defined                                    no-undef
  340:15  warning  '$' is not defined                                    no-undef
  341:19  warning  '$' is not defined                                    no-undef
  342:17  warning  '$' is not defined                                    no-undef
  343:26  warning  '$' is not defined                                    no-undef
  344:27  warning  '$' is not defined                                    no-undef
  353:3   warning  '$' is not defined                                    no-undef
  354:3   warning  '$' is not defined                                    no-undef
  357:3   warning  '$' is not defined                                    no-undef
  358:3   warning  '$' is not defined                                    no-undef
  361:3   warning  '$' is not defined                                    no-undef
  362:3   warning  '$' is not defined                                    no-undef
  365:3   warning  '$' is not defined                                    no-undef
  366:3   warning  '$' is not defined                                    no-undef
  368:3   warning  '$' is not defined                                    no-undef
  369:3   warning  '$' is not defined                                    no-undef
  371:3   warning  '$' is not defined                                    no-undef
  372:3   warning  '$' is not defined                                    no-undef
  394:5   warning  '$' is not defined                                    no-undef
  398:5   warning  '$' is not defined                                    no-undef
  399:5   warning  '$' is not defined                                    no-undef
  400:5   warning  '$' is not defined                                    no-undef
  403:9   warning  'prescalerHexVal' is assigned a value but never used  no-unused-vars
  408:4   warning  'num' is not defined                                  no-undef
  409:20  warning  'num' is not defined                                  no-undef
  410:28  warning  'num' is not defined                                  no-undef
  420:4   warning  '$' is not defined                                    no-undef
  423:5   warning  '$' is not defined                                    no-undef
  425:3   warning  Mixed spaces and tabs                                 no-mixed-spaces-and-tabs
  426:3   warning  Mixed spaces and tabs                                 no-mixed-spaces-and-tabs
  427:3   warning  Mixed spaces and tabs                                 no-mixed-spaces-and-tabs
  428:3   warning  Mixed spaces and tabs                                 no-mixed-spaces-and-tabs
  429:3   warning  Mixed spaces and tabs                                 no-mixed-spaces-and-tabs
  430:3   warning  Mixed spaces and tabs                                 no-mixed-spaces-and-tabs
  432:5   warning  Mixed spaces and tabs                                 no-mixed-spaces-and-tabs
  475:4   warning  '$' is not defined                                    no-undef
  477:4   warning  '$' is not defined                                    no-undef
  479:4   warning  '$' is not defined                                    no-undef
  480:4   warning  '$' is not defined                                    no-undef
  481:2   warning  Mixed spaces and tabs                                 no-mixed-spaces-and-tabs
  481:5   warning  '$' is not defined                                    no-undef
  482:2   warning  Mixed spaces and tabs                                 no-mixed-spaces-and-tabs
  482:5   warning  '$' is not defined                                    no-undef
  483:2   warning  Mixed spaces and tabs                                 no-mixed-spaces-and-tabs
  483:5   warning  '$' is not defined                                    no-undef
  484:2   warning  Mixed spaces and tabs                                 no-mixed-spaces-and-tabs
  484:5   warning  '$' is not defined                                    no-undef
  485:2   warning  Mixed spaces and tabs                                 no-mixed-spaces-and-tabs
  485:5   warning  '$' is not defined                                    no-undef
  498:1   warning  '$' is not defined                                    no-undef
  502:3   warning  '$' is not defined                                    no-undef
  504:3   warning  '$' is not defined                                    no-undef
  506:3   warning  '$' is not defined                                    no-undef
  511:1   warning  '$' is not defined                                    no-undef
  513:3   warning  '$' is not defined                                    no-undef
  514:15  warning  '$' is not defined                                    no-undef
  515:16  warning  '$' is not defined                                    no-undef
  516:20  warning  '$' is not defined                                    no-undef
  517:18  warning  '$' is not defined                                    no-undef
  518:25  warning  '$' is not defined                                    no-undef
  519:26  warning  '$' is not defined                                    no-undef
  520:4   warning  '$' is not defined                                    no-undef
  521:4   warning  '$' is not defined                                    no-undef
  523:4   warning  'mimic' is not defined                                no-undef
  526:3   warning  'mimic' is not defined                                no-undef
  527:3   warning  '$' is not defined                                    no-undef
  534:17  warning  'jsPDF' is not defined                                no-undef
  536:26  warning  'element' is defined but never used                   no-unused-vars
  536:35  warning  'renderer' is defined but never used                  no-unused-vars
  542:1   warning  '$' is not defined                                    no-undef
  543:1   warning  Mixed spaces and tabs                                 no-mixed-spaces-and-tabs
  544:17  warning  '$' is not defined                                    no-undef
  545:8   warning  Mixed spaces and tabs                                 no-mixed-spaces-and-tabs
  547:4   warning  Mixed spaces and tabs                                 no-mixed-spaces-and-tabs
  548:4   warning  Mixed spaces and tabs                                 no-mixed-spaces-and-tabs
  552:3   warning  'toastr' is not defined                               no-undef

/home/runner/work/exp-on-chip-timers-counters-coep/exp-on-chip-timers-counters-coep/experiment/simulation/src/mimic.js
    3:1   warning  '$' is not defined                                     no-undef
    4:2   warning  '$' is not defined                                     no-undef
    8:14  warning  '$' is not defined                                     no-undef
   10:6   warning  '$' is not defined                                     no-undef
   11:3   warning  'width' is assigned a value but never used             no-unused-vars
   11:11  warning  '$' is not defined                                     no-undef
   12:3   warning  'paper' is not defined                                 no-undef
   12:15  warning  'Raphael' is not defined                               no-undef
   13:3   warning  'paper' is not defined                                 no-undef
   14:3   warning  'paper' is not defined                                 no-undef
   16:3   warning  'paper' is not defined                                 no-undef
   16:15  warning  'Raphael' is not defined                               no-undef
   17:3   warning  'paper' is not defined                                 no-undef
   18:3   warning  'paper' is not defined                                 no-undef
   21:5   warning  'x' is assigned a value but never used                 no-unused-vars
   22:5   warning  'y' is assigned a value but never used                 no-unused-vars
   24:10  warning  'mimic' is defined but never used                      no-unused-vars
   25:5   warning  '$' is not defined                                     no-undef
   26:5   warning  '$' is not defined                                     no-undef
   27:5   warning  '$' is not defined                                     no-undef
   28:2   warning  '$' is not defined                                     no-undef
   31:14  warning  '$' is not defined                                     no-undef
   32:6   warning  '$' is not defined                                     no-undef
   33:3   warning  'width' is assigned a value but never used             no-unused-vars
   33:11  warning  '$' is not defined                                     no-undef
   34:3   warning  'paper' is not defined                                 no-undef
   34:15  warning  'Raphael' is not defined                               no-undef
   35:3   warning  'paper' is not defined                                 no-undef
   36:3   warning  'paper' is not defined                                 no-undef
   38:3   warning  'paper' is not defined                                 no-undef
   38:15  warning  'Raphael' is not defined                               no-undef
   39:3   warning  'paper' is not defined                                 no-undef
   40:3   warning  'paper' is not defined                                 no-undef
   44:5   warning  'frequencyVal' is assigned a value but never used      no-unused-vars
   46:5   warning  'prescalerCorr' is assigned a value but never used     no-unused-vars
   47:5   warning  'intruptCorr' is assigned a value but never used       no-unused-vars
   61:5   warning  'onTime11' is assigned a value but never used          no-unused-vars
   64:17  warning  'paper' is not defined                                 no-undef
   65:14  warning  'paper' is not defined                                 no-undef
   66:12  warning  'paper' is not defined                                 no-undef
   67:5   warning  'microcontroller' is assigned a value but never used   no-unused-vars
   67:21  warning  'paper' is not defined                                 no-undef
   69:5   warning  'Ledcircle' is assigned a value but never used         no-unused-vars
   69:15  warning  'paper' is not defined                                 no-undef
   82:8   warning  'paper' is not defined                                 no-undef
   83:8   warning  'paper' is not defined                                 no-undef
   84:10  warning  'paper' is not defined                                 no-undef
   86:2   warning  'diode' is assigned a value but never used             no-unused-vars
   86:8   warning  'paper' is not defined                                 no-undef
   87:8   warning  'paper' is not defined                                 no-undef
   88:10  warning  'paper' is not defined                                 no-undef
   93:5   warning  'r' is assigned a value but never used                 no-unused-vars
   93:7   warning  'paper' is not defined                                 no-undef
   94:5   warning  'connection_RtoG' is assigned a value but never used   no-unused-vars
   94:21  warning  'paper' is not defined                                 no-undef
   95:13  warning  'paper' is not defined                                 no-undef
   97:13  warning  'paper' is not defined                                 no-undef
  100:17  warning  'paper' is not defined                                 no-undef
  103:5   warning  'vssCircle' is assigned a value but never used         no-unused-vars
  103:15  warning  'paper' is not defined                                 no-undef
  105:5   warning  'vddCircle' is assigned a value but never used         no-unused-vars
  105:15  warning  'paper' is not defined                                 no-undef
  106:5   warning  'vdd' is assigned a value but never used               no-unused-vars
  106:10  warning  'paper' is not defined                                 no-undef
  107:5   warning  'vddConnection' is assigned a value but never used     no-unused-vars
  107:19  warning  'paper' is not defined                                 no-undef
  109:5   warning  'ground' is already defined                            no-redeclare
  109:5   warning  'ground' is assigned a value but never used            no-unused-vars
  109:13  warning  'paper' is not defined                                 no-undef
  110:5   warning  'groundConnection' is assigned a value but never used  no-unused-vars
  110:22  warning  'paper' is not defined                                 no-undef
  114:2   warning  '$' is not defined                                     no-undef
  115:2   warning  'paper' is not defined                                 no-undef
  117:2   warning  'reset' is not defined                                 no-undef
  118:2   warning  '$' is not defined                                     no-undef
  129:3   warning  'toastr' is not defined                                no-undef
  134:30  warning  'paper' is not defined                                 no-undef
  137:30  warning  'paper' is not defined                                 no-undef
  140:30  warning  'paper' is not defined                                 no-undef
  143:30  warning  'paper' is not defined                                 no-undef
  154:30  warning  'paper' is not defined                                 no-undef
  171:3   warning  'toastr' is not defined                                no-undef
  176:30  warning  'paper' is not defined                                 no-undef
  179:30  warning  'paper' is not defined                                 no-undef
  182:30  warning  'paper' is not defined                                 no-undef
  185:30  warning  'paper' is not defined                                 no-undef
  196:30  warning  'paper' is not defined                                 no-undef
  210:2   warning  'inputCheckFlag3' is not defined                       no-undef
  213:3   warning  'toastr' is not defined                                no-undef
  217:29  warning  'paper' is not defined                                 no-undef
  220:29  warning  'paper' is not defined                                 no-undef
  223:29  warning  'paper' is not defined                                 no-undef
  239:2   warning  'anodeClick' is not defined                            no-undef
  242:3   warning  'toastr' is not defined                                no-undef
  246:28  warning  'paper' is not defined                                 no-undef
  249:28  warning  'paper' is not defined                                 no-undef
  252:28  warning  'paper' is not defined                                 no-undef
  271:5   warning  'toastr' is not defined                                no-undef
  281:6   warning  'toastr' is not defined                                no-undef
  284:6   warning  'toastr' is not defined                                no-undef
  286:6   warning  'toastr' is not defined                                no-undef
  288:6   warning  'toastr' is not defined                                no-undef
  289:3   warning  Mixed spaces and tabs                                  no-mixed-spaces-and-tabs
  300:2   warning  Mixed spaces and tabs                                  no-mixed-spaces-and-tabs
  305:6   warning  '$' is not defined                                     no-undef
  306:6   warning  'start' is not defined                                 no-undef
  310:6   warning  'toastr' is not defined                                no-undef
  311:2   warning  Mixed spaces and tabs                                  no-mixed-spaces-and-tabs
  313:4   warning  'toastr' is not defined                                no-undef
  315:4   warning  'toastr' is not defined                                no-undef

/home/runner/work/exp-on-chip-timers-counters-coep/exp-on-chip-timers-counters-coep/experiment/simulation/src/toastr.min.js
  6:5072  warning  'define' is not defined   no-undef
  6:5083  warning  'define' is not defined   no-undef
  6:5132  warning  'module' is not defined   no-undef
  6:5147  warning  'module' is not defined   no-undef
  6:5164  warning  'require' is not defined  no-undef

✖ 431 problems (1 error, 430 warnings)

